c:\users\kabull\source\repos\zoom-sdk-windows-5.4.54802.0124\bin\sdk_demo_v2.pch
c:\users\kabull\source\repos\zoom-sdk-windows-5.4.54802.0124\bin\stdafx.obj
c:\users\kabull\source\repos\zoom-sdk-windows-5.4.54802.0124\bin\dial_in_country_ui.obj
c:\users\kabull\source\repos\zoom-sdk-windows-5.4.54802.0124\bin\custom_ui_video_mgr.obj
c:\users\kabull\source\repos\zoom-sdk-windows-5.4.54802.0124\bin\custom_ui_video_flow.obj
c:\users\kabull\source\repos\zoom-sdk-windows-5.4.54802.0124\bin\custom_ui_share_mgr.obj
c:\users\kabull\source\repos\zoom-sdk-windows-5.4.54802.0124\bin\custom_ui_share_flow.obj
c:\users\kabull\source\repos\zoom-sdk-windows-5.4.54802.0124\bin\custom_ui_mgr_flow.obj
c:\users\kabull\source\repos\zoom-sdk-windows-5.4.54802.0124\bin\custom_ui_mgr.obj
c:\users\kabull\source\repos\zoom-sdk-windows-5.4.54802.0124\bin\customizeduirecordmgr.obj
c:\users\kabull\source\repos\zoom-sdk-windows-5.4.54802.0124\bin\close_caption_workflow.obj
c:\users\kabull\source\repos\zoom-sdk-windows-5.4.54802.0124\bin\close_caption_ui.obj
c:\users\kabull\source\repos\zoom-sdk-windows-5.4.54802.0124\bin\chat_controller_workflow.obj
c:\users\kabull\source\repos\zoom-sdk-windows-5.4.54802.0124\bin\chat_controller_ui.obj
c:\users\kabull\source\repos\zoom-sdk-windows-5.4.54802.0124\bin\cameracontrolwindow.obj
c:\users\kabull\source\repos\zoom-sdk-windows-5.4.54802.0124\bin\arrow_window.obj
c:\users\kabull\source\repos\zoom-sdk-windows-5.4.54802.0124\bin\annotatestampwindow.obj
c:\users\kabull\source\repos\zoom-sdk-windows-5.4.54802.0124\bin\annotatespolightwindow.obj
c:\users\kabull\source\repos\zoom-sdk-windows-5.4.54802.0124\bin\annotateformatwindow.obj
c:\users\kabull\source\repos\zoom-sdk-windows-5.4.54802.0124\bin\annotatedrawwindow.obj
c:\users\kabull\source\repos\zoom-sdk-windows-5.4.54802.0124\bin\annotateclearwindow.obj
c:\users\kabull\source\repos\zoom-sdk-windows-5.4.54802.0124\bin\annotatebarwindow.obj
c:\users\kabull\source\repos\zoom-sdk-windows-5.4.54802.0124\bin\schedule_meeting_ui.obj
c:\users\kabull\source\repos\zoom-sdk-windows-5.4.54802.0124\bin\participant_ui.obj
c:\users\kabull\source\repos\zoom-sdk-windows-5.4.54802.0124\bin\participantpopmenu.obj
c:\users\kabull\source\repos\zoom-sdk-windows-5.4.54802.0124\bin\more_menu_ui.obj
c:\users\kabull\source\repos\zoom-sdk-windows-5.4.54802.0124\bin\more_features_workflow.obj
c:\users\kabull\source\repos\zoom-sdk-windows-5.4.54802.0124\bin\more_features_ui.obj
c:\users\kabull\source\repos\zoom-sdk-windows-5.4.54802.0124\bin\mess_info.obj
c:\users\kabull\source\repos\zoom-sdk-windows-5.4.54802.0124\bin\login_sdk_login_ui.obj
c:\users\kabull\source\repos\zoom-sdk-windows-5.4.54802.0124\bin\login_restapi_without_login_workflow.obj
c:\users\kabull\source\repos\zoom-sdk-windows-5.4.54802.0124\bin\login_login_with_sso_workflow.obj
c:\users\kabull\source\repos\zoom-sdk-windows-5.4.54802.0124\bin\login_login_with_email_workflow.obj
c:\users\kabull\source\repos\zoom-sdk-windows-5.4.54802.0124\bin\login_join_meeting_only_workflow.obj
c:\users\kabull\source\repos\zoom-sdk-windows-5.4.54802.0124\bin\loggedin_sdk_controller_workflow.obj
c:\users\kabull\source\repos\zoom-sdk-windows-5.4.54802.0124\bin\loggedin_sdk_controller_ui.obj
c:\users\kabull\source\repos\zoom-sdk-windows-5.4.54802.0124\bin\join_meeting_for_login_user_workflow.obj
c:\users\kabull\source\repos\zoom-sdk-windows-5.4.54802.0124\bin\join_meeting_for_login_user_ui.obj
c:\users\kabull\source\repos\zoom-sdk-windows-5.4.54802.0124\bin\invitation_workflow.obj
c:\users\kabull\source\repos\zoom-sdk-windows-5.4.54802.0124\bin\invitation_ui.obj
c:\users\kabull\source\repos\zoom-sdk-windows-5.4.54802.0124\bin\init_auth_sdk_workflow.obj
c:\users\kabull\source\repos\zoom-sdk-windows-5.4.54802.0124\bin\display_cc_ui.obj
c:\users\kabull\source\repos\zoom-sdk-windows-5.4.54802.0124\bin\util_window.obj
c:\users\kabull\source\repos\zoom-sdk-windows-5.4.54802.0124\bin\user_manager.obj
c:\users\kabull\source\repos\zoom-sdk-windows-5.4.54802.0124\bin\toolbar_manager.obj
c:\users\kabull\source\repos\zoom-sdk-windows-5.4.54802.0124\bin\toolbar_bottom_workflow.obj
c:\users\kabull\source\repos\zoom-sdk-windows-5.4.54802.0124\bin\toolbar_bottom_ui.obj
c:\users\kabull\source\repos\zoom-sdk-windows-5.4.54802.0124\bin\sharetoolbarwindow.obj
c:\users\kabull\source\repos\zoom-sdk-windows-5.4.54802.0124\bin\settings_virtualbg_workflow.obj
c:\users\kabull\source\repos\zoom-sdk-windows-5.4.54802.0124\bin\settings_video_workflow.obj
c:\users\kabull\source\repos\zoom-sdk-windows-5.4.54802.0124\bin\settings_ui_custom_workflow.obj
c:\users\kabull\source\repos\zoom-sdk-windows-5.4.54802.0124\bin\settings_ui.obj
c:\users\kabull\source\repos\zoom-sdk-windows-5.4.54802.0124\bin\settings_share_workflow.obj
c:\users\kabull\source\repos\zoom-sdk-windows-5.4.54802.0124\bin\settings_recording_workflow.obj
c:\users\kabull\source\repos\zoom-sdk-windows-5.4.54802.0124\bin\settings_general_workflow.obj
c:\users\kabull\source\repos\zoom-sdk-windows-5.4.54802.0124\bin\settings_feature_custom_workflow.obj
c:\users\kabull\source\repos\zoom-sdk-windows-5.4.54802.0124\bin\settings_audio_workflow.obj
c:\users\kabull\source\repos\zoom-sdk-windows-5.4.54802.0124\bin\sdk_util.obj
c:\users\kabull\source\repos\zoom-sdk-windows-5.4.54802.0124\bin\sdk_init_auth_ui.obj
c:\users\kabull\source\repos\zoom-sdk-windows-5.4.54802.0124\bin\sdk_demo_v2.obj
c:\users\kabull\source\repos\zoom-sdk-windows-5.4.54802.0124\bin\sdk_demo_app.obj
c:\users\kabull\source\repos\zoom-sdk-windows-5.4.54802.0124\bin\schedule_meeting_workflow.obj
c:\users\kabull\source\repos\zoom-sdk-windows-5.4.54802.0124\bin\viewoptionswindow.obj
c:\users\kabull\source\repos\zoom-sdk-windows-5.4.54802.0124\bin\sdk_demo_v2.exe
c:\users\kabull\source\repos\zoom-sdk-windows-5.4.54802.0124\bin\sdk_demo_v2.map
c:\users\kabull\source\repos\zoom-sdk-windows-5.4.54802.0124\bin\sdk_demo_v2.pdb
c:\users\kabull\source\repos\zoom-sdk-windows-5.4.54802.0124\bin\sdk_demo_v2.res
c:\users\kabull\source\repos\zoom-sdk-windows-5.4.54802.0124\bin\sdk_demo_v2.tlog\cl.command.1.tlog
c:\users\kabull\source\repos\zoom-sdk-windows-5.4.54802.0124\bin\sdk_demo_v2.tlog\cl.read.1.tlog
c:\users\kabull\source\repos\zoom-sdk-windows-5.4.54802.0124\bin\sdk_demo_v2.tlog\cl.write.1.tlog
c:\users\kabull\source\repos\zoom-sdk-windows-5.4.54802.0124\bin\sdk_demo_v2.tlog\link.command.1.tlog
c:\users\kabull\source\repos\zoom-sdk-windows-5.4.54802.0124\bin\sdk_demo_v2.tlog\link.read.1.tlog
c:\users\kabull\source\repos\zoom-sdk-windows-5.4.54802.0124\bin\sdk_demo_v2.tlog\link.write.1.tlog
c:\users\kabull\source\repos\zoom-sdk-windows-5.4.54802.0124\bin\sdk_demo_v2.tlog\rc.command.1.tlog
c:\users\kabull\source\repos\zoom-sdk-windows-5.4.54802.0124\bin\sdk_demo_v2.tlog\rc.read.1.tlog
c:\users\kabull\source\repos\zoom-sdk-windows-5.4.54802.0124\bin\sdk_demo_v2.tlog\rc.write.1.tlog
c:\users\kabull\source\repos\zoom-sdk-windows-5.4.54802.0124\bin\sdk_demo_v2.tlog\..\..\bin\sdk_demo_v2.pdb
