c:\users\kabull\source\repos\joinzoom\zoom_sdk_c_sharp_wrap\release\zoom_sdk_dotnet_wrap.pch
c:\users\kabull\source\repos\joinzoom\zoom_sdk_c_sharp_wrap\release\vc142.pdb
c:\users\kabull\source\repos\joinzoom\zoom_sdk_c_sharp_wrap\release\stdafx.obj
c:\users\kabull\source\repos\joinzoom\zoom_sdk_c_sharp_wrap\release\meeting_service_dotnet_wrap.obj
c:\users\kabull\source\repos\joinzoom\zoom_sdk_c_sharp_wrap\release\meeting_remote_ctrl_dotnet_wrap.obj
c:\users\kabull\source\repos\joinzoom\zoom_sdk_c_sharp_wrap\release\meeting_recording_dotnet_wrap.obj
c:\users\kabull\source\repos\joinzoom\zoom_sdk_c_sharp_wrap\release\meeting_phone_helper_donet_wrap.obj
c:\users\kabull\source\repos\joinzoom\zoom_sdk_c_sharp_wrap\release\meeting_participants_ctrl_donet_wrap.obj
c:\users\kabull\source\repos\joinzoom\zoom_sdk_c_sharp_wrap\release\meeting_live_stream_dotnet_wrap.obj
c:\users\kabull\source\repos\joinzoom\zoom_sdk_c_sharp_wrap\release\meeting_h323_helper_dotnet_wrap.obj
c:\users\kabull\source\repos\joinzoom\zoom_sdk_c_sharp_wrap\release\meeting_configuration_dotnet_wrap.obj
c:\users\kabull\source\repos\joinzoom\zoom_sdk_c_sharp_wrap\release\meeting_chat_dotnet_wrap.obj
c:\users\kabull\source\repos\joinzoom\zoom_sdk_c_sharp_wrap\release\meeting_breakout_rooms_dotnet_wrap.obj
c:\users\kabull\source\repos\joinzoom\zoom_sdk_c_sharp_wrap\release\meeting_audio_dotnet_wrap.obj
c:\users\kabull\source\repos\joinzoom\zoom_sdk_c_sharp_wrap\release\meeting_annotation_dotnet_wrap.obj
c:\users\kabull\source\repos\joinzoom\zoom_sdk_c_sharp_wrap\release\customized_annotation_dotnet_wrap.obj
c:\users\kabull\source\repos\joinzoom\zoom_sdk_c_sharp_wrap\release\customized_video_container_dotnet_wrap.obj
c:\users\kabull\source\repos\joinzoom\zoom_sdk_c_sharp_wrap\release\customized_ui_mgr_dotnet_wrap.obj
c:\users\kabull\source\repos\joinzoom\zoom_sdk_c_sharp_wrap\release\customized_share_render_dotnet_wrap.obj
c:\users\kabull\source\repos\joinzoom\zoom_sdk_c_sharp_wrap\release\customized_resource_helper_dotnet_wrap.obj
c:\users\kabull\source\repos\joinzoom\zoom_sdk_c_sharp_wrap\release\customized_annotation_obj_dotnet_wrap.obj
c:\users\kabull\source\repos\joinzoom\zoom_sdk_c_sharp_wrap\release\auth_service_dotnet_wrap.obj
c:\users\kabull\source\repos\joinzoom\zoom_sdk_c_sharp_wrap\release\assemblyinfo.obj
c:\users\kabull\source\repos\joinzoom\zoom_sdk_c_sharp_wrap\release\zoom_sdk_dotnet_wrap.obj
c:\users\kabull\source\repos\joinzoom\zoom_sdk_c_sharp_wrap\release\setting_service_dotnet_wrap.obj
c:\users\kabull\source\repos\joinzoom\zoom_sdk_c_sharp_wrap\release\schedule_meeting_item_dotnet_wrap.obj
c:\users\kabull\source\repos\joinzoom\zoom_sdk_c_sharp_wrap\release\premeeting_service_dotnet_wrap.obj
c:\users\kabull\source\repos\joinzoom\zoom_sdk_c_sharp_wrap\release\meeting_waiting_room_dotnet_wrap.obj
c:\users\kabull\source\repos\joinzoom\zoom_sdk_c_sharp_wrap\release\meeting_video_dotnet_wrap.obj
c:\users\kabull\source\repos\joinzoom\zoom_sdk_c_sharp_wrap\release\meeting_ui_ctrl_dotnet_wrap.obj
c:\users\kabull\source\repos\joinzoom\zoom_sdk_c_sharp_wrap\release\meeting_sharing_dotnet_wrap.obj
c:\users\kabull\source\repos\joinzoom\zoom_sdk_c_sharp_wrap\release\meeting_emoji_reaction_wrap.obj
c:\users\kabull\source\repos\joinzoom\zoom_sdk_c_sharp_wrap\release\meeting_configuration_wrap.obj
c:\users\kabull\source\repos\joinzoom\zoom_sdk_c_sharp_wrap\release\meeting_closedcaption_ctrl_wrap.obj
c:\users\kabull\source\repos\joinzoom\zoom_sdk_c_sharp_wrap\release\meeting_chat_wrap.obj
c:\users\kabull\source\repos\joinzoom\zoom_sdk_c_sharp_wrap\release\meeting_breakout_rooms_wrap.obj
c:\users\kabull\source\repos\joinzoom\zoom_sdk_c_sharp_wrap\release\meeting_audio_wrap.obj
c:\users\kabull\source\repos\joinzoom\zoom_sdk_c_sharp_wrap\release\meeting_annotation_wrap.obj
c:\users\kabull\source\repos\joinzoom\zoom_sdk_c_sharp_wrap\release\embedded_browser_wrap.obj
c:\users\kabull\source\repos\joinzoom\zoom_sdk_c_sharp_wrap\release\directshare_helper_wrap.obj
c:\users\kabull\source\repos\joinzoom\zoom_sdk_c_sharp_wrap\release\customized_video_container_wrap.obj
c:\users\kabull\source\repos\joinzoom\zoom_sdk_c_sharp_wrap\release\customized_ui_mgr_wrap.obj
c:\users\kabull\source\repos\joinzoom\zoom_sdk_c_sharp_wrap\release\customized_share_render_wrap.obj
c:\users\kabull\source\repos\joinzoom\zoom_sdk_c_sharp_wrap\release\customized_annotation_wrap.obj
c:\users\kabull\source\repos\joinzoom\zoom_sdk_c_sharp_wrap\release\customized_annotation_obj_wrap.obj
c:\users\kabull\source\repos\joinzoom\zoom_sdk_c_sharp_wrap\release\customized_resource_helper_wrap.obj
c:\users\kabull\source\repos\joinzoom\zoom_sdk_c_sharp_wrap\release\camera_controller_wrap.obj
c:\users\kabull\source\repos\joinzoom\zoom_sdk_c_sharp_wrap\release\calender_service_wrap.obj
c:\users\kabull\source\repos\joinzoom\zoom_sdk_c_sharp_wrap\release\auth_service_wrap.obj
c:\users\kabull\source\repos\joinzoom\zoom_sdk_c_sharp_wrap\release\audio_setting_context_wrap.obj
c:\users\kabull\source\repos\joinzoom\zoom_sdk_c_sharp_wrap\release\video_setting_context_dotnet_wrap.obj
c:\users\kabull\source\repos\joinzoom\zoom_sdk_c_sharp_wrap\release\sdk_loader.obj
c:\users\kabull\source\repos\joinzoom\zoom_sdk_c_sharp_wrap\release\schedule_meeting_item_wrap.obj
c:\users\kabull\source\repos\joinzoom\zoom_sdk_c_sharp_wrap\release\recording_setting_context_wrap.obj
c:\users\kabull\source\repos\joinzoom\zoom_sdk_c_sharp_wrap\release\premeeting_service_wrap.obj
c:\users\kabull\source\repos\joinzoom\zoom_sdk_c_sharp_wrap\release\outlook_plugin_integration_helper_wrap.obj
c:\users\kabull\source\repos\joinzoom\zoom_sdk_c_sharp_wrap\release\network_connection_handler_wrap.obj
c:\users\kabull\source\repos\joinzoom\zoom_sdk_c_sharp_wrap\release\meeting_service_wrap.obj
c:\users\kabull\source\repos\joinzoom\zoom_sdk_c_sharp_wrap\release\meeting_realname_auth_helper_wrap.obj
c:\users\kabull\source\repos\joinzoom\zoom_sdk_c_sharp_wrap\release\meeting_webinar_ctrl_wrap.obj
c:\users\kabull\source\repos\joinzoom\zoom_sdk_c_sharp_wrap\release\meeting_waiting_room_wrap.obj
c:\users\kabull\source\repos\joinzoom\zoom_sdk_c_sharp_wrap\release\meeting_video_wrap.obj
c:\users\kabull\source\repos\joinzoom\zoom_sdk_c_sharp_wrap\release\meeting_ui_ctrl_wrap.obj
c:\users\kabull\source\repos\joinzoom\zoom_sdk_c_sharp_wrap\release\meeting_sharing_wrap.obj
c:\users\kabull\source\repos\joinzoom\zoom_sdk_c_sharp_wrap\release\meeting_remote_ctrl_wrap.obj
c:\users\kabull\source\repos\joinzoom\zoom_sdk_c_sharp_wrap\release\meeting_recording_wrap.obj
c:\users\kabull\source\repos\joinzoom\zoom_sdk_c_sharp_wrap\release\meeting_phone_helper_wrap.obj
c:\users\kabull\source\repos\joinzoom\zoom_sdk_c_sharp_wrap\release\meeting_participants_ctrl_wrap.obj
c:\users\kabull\source\repos\joinzoom\zoom_sdk_c_sharp_wrap\release\meeting_live_stream_wrap.obj
c:\users\kabull\source\repos\joinzoom\zoom_sdk_c_sharp_wrap\release\meeting_interpretation_ctrl_wrap.obj
c:\users\kabull\source\repos\joinzoom\zoom_sdk_c_sharp_wrap\release\meeting_h323_helper_wrap.obj
c:\users\kabull\source\repos\joinzoom\zoom_sdk_c_sharp_wrap\release\.netframework,version=v4.5.2.assemblyattributes.obj
c:\users\kabull\source\repos\joinzoom\zoom_sdk_c_sharp_wrap\release\video_setting_context_wrap.obj
c:\users\kabull\source\repos\joinzoom\zoom_sdk_c_sharp_wrap\release\ui_hook_wrap.obj
c:\users\kabull\source\repos\joinzoom\zoom_sdk_c_sharp_wrap\release\setting_service_wrap.obj
c:\users\kabull\source\repos\joinzoom\zoom_sdk_c_sharp_wrap\release\sdk_wrap.obj
c:\users\kabull\source\repos\joinzoom\release\zoom_sdk_dotnet_wrap.dll
c:\users\kabull\source\repos\joinzoom\bin\zoom_sdk_dotnet_wrap.pdb
c:\users\kabull\source\repos\joinzoom\zoom_sdk_c_sharp_wrap\release\app.res
c:\users\kabull\source\repos\joinzoom\zoom_sdk_c_sharp_wrap\release\zoom_sdk.7b5a8da1.tlog\cl.command.1.tlog
c:\users\kabull\source\repos\joinzoom\zoom_sdk_c_sharp_wrap\release\zoom_sdk.7b5a8da1.tlog\cl.read.1.tlog
c:\users\kabull\source\repos\joinzoom\zoom_sdk_c_sharp_wrap\release\zoom_sdk.7b5a8da1.tlog\cl.write.1.tlog
c:\users\kabull\source\repos\joinzoom\zoom_sdk_c_sharp_wrap\release\zoom_sdk.7b5a8da1.tlog\link.command.1.tlog
c:\users\kabull\source\repos\joinzoom\zoom_sdk_c_sharp_wrap\release\zoom_sdk.7b5a8da1.tlog\link.read.1.tlog
c:\users\kabull\source\repos\joinzoom\zoom_sdk_c_sharp_wrap\release\zoom_sdk.7b5a8da1.tlog\link.write.1.tlog
c:\users\kabull\source\repos\joinzoom\zoom_sdk_c_sharp_wrap\release\zoom_sdk.7b5a8da1.tlog\metagen.read.1.tlog
c:\users\kabull\source\repos\joinzoom\zoom_sdk_c_sharp_wrap\release\zoom_sdk.7b5a8da1.tlog\metagen.write.1.tlog
c:\users\kabull\source\repos\joinzoom\zoom_sdk_c_sharp_wrap\release\zoom_sdk.7b5a8da1.tlog\rc.command.1.tlog
c:\users\kabull\source\repos\joinzoom\zoom_sdk_c_sharp_wrap\release\zoom_sdk.7b5a8da1.tlog\rc.read.1.tlog
c:\users\kabull\source\repos\joinzoom\zoom_sdk_c_sharp_wrap\release\zoom_sdk.7b5a8da1.tlog\rc.write.1.tlog
